<?xml version="1.0" encoding="UTF-8"?>
<!-- Generated by org.testng.reporters.JUnitReportReporter -->
<testsuite skipped="0" hostname="LAPTOP-3047PCUK" name="test.TC_LoginTest_001" tests="1" failures="0" timestamp="2020-04-18T17:08:49 EDT" time="41.061" errors="0">
  <testcase name="loginTest" time="41.061" classname="test.TC_LoginTest_001"/>
  <system-out/>
</testsuite> <!-- test.TC_LoginTest_001 -->
